----------------------------------------
31/10/13 20:42 - Objeto: ATP3_MainProcedimiento - Se inicia proceso
31/10/13 20:42 - Objeto: ATP3_MainProcedimiento - Inicio cálculo de mails válidos
31/10/13 20:42 - Objeto: ATP3_MainProcedimiento - Termino cálculo de mails válidos
31/10/13 20:42 - Objeto: ATP3_MainProcedimiento - Inicia proceso de recibir emails
31/10/13 20:42 - Objeto: RecibirEmails - Se han recibido 6.00 emails.
31/10/13 20:42 - Objeto: ATP3_MainProcedimiento - Finaliza proceso de recibir emails
----------------------------------------
----------------------------------------
31/10/13 20:45 - Objeto: ATP3_MainProcedimiento - Se inicia proceso
31/10/13 20:45 - Objeto: ATP3_MainProcedimiento - Inicio cálculo de mails válidos
31/10/13 20:45 - Objeto: ATP3_MainProcedimiento - Termino cálculo de mails válidos
31/10/13 20:45 - Objeto: ATP3_MainProcedimiento - Inicia proceso de recibir emails
31/10/13 20:45 - Objeto: RecibirEmails - Se han recibido 6.00 emails.
31/10/13 20:45 - Objeto: ATP3_MainProcedimiento - Finaliza proceso de recibir emails
----------------------------------------
----------------------------------------
31/10/13 20:48 - Objeto: ATP3_MainProcedimiento - Se inicia proceso
31/10/13 20:48 - Objeto: ATP3_MainProcedimiento - Inicio cálculo de mails válidos
31/10/13 20:48 - Objeto: ATP3_MainProcedimiento - Termino cálculo de mails válidos
31/10/13 20:48 - Objeto: ATP3_MainProcedimiento - Inicia proceso de recibir emails
31/10/13 20:48 - Objeto: RecibirEmails - Se han recibido 6.00 emails.
31/10/13 20:48 - Objeto: ATP3_MainProcedimiento - Finaliza proceso de recibir emails
----------------------------------------
----------------------------------------
31/10/13 20:51 - Objeto: ATP3_MainProcedimiento - Se inicia proceso
31/10/13 20:51 - Objeto: ATP3_MainProcedimiento - Inicio cálculo de mails válidos
31/10/13 20:51 - Objeto: ATP3_MainProcedimiento - Termino cálculo de mails válidos
31/10/13 20:51 - Objeto: ATP3_MainProcedimiento - Inicia proceso de recibir emails
31/10/13 20:51 - Objeto: RecibirEmails - Se han recibido 6.00 emails.
31/10/13 20:51 - Objeto: ATP3_MainProcedimiento - Finaliza proceso de recibir emails
----------------------------------------
----------------------------------------
31/10/13 20:54 - Objeto: ATP3_MainProcedimiento - Se inicia proceso
31/10/13 20:54 - Objeto: ATP3_MainProcedimiento - Inicio cálculo de mails válidos
31/10/13 20:54 - Objeto: ATP3_MainProcedimiento - Termino cálculo de mails válidos
31/10/13 20:54 - Objeto: ATP3_MainProcedimiento - Inicia proceso de recibir emails
31/10/13 20:54 - Objeto: RecibirEmails - ERROR: Se ha producido el siguiente error al conectarse al servidor de corrreo: 51.00 Server replied with an error:  Exceeded the login limit for a 15 minute period. Reduce the frequency of requests to the POP3 server.
31/10/13 20:54 - Objeto: ATP3_MainProcedimiento - Finaliza proceso de recibir emails
----------------------------------------
----------------------------------------
31/10/13 20:57 - Objeto: ATP3_MainProcedimiento - Se inicia proceso
31/10/13 20:57 - Objeto: ATP3_MainProcedimiento - Inicio cálculo de mails válidos
31/10/13 20:57 - Objeto: ATP3_MainProcedimiento - Termino cálculo de mails válidos
31/10/13 20:57 - Objeto: ATP3_MainProcedimiento - Inicia proceso de recibir emails
31/10/13 20:57 - Objeto: RecibirEmails - ERROR: Se ha producido el siguiente error al conectarse al servidor de corrreo: 51.00 Server replied with an error:  Exceeded the login limit for a 15 minute period. Reduce the frequency of requests to the POP3 server.
31/10/13 20:57 - Objeto: ATP3_MainProcedimiento - Finaliza proceso de recibir emails
----------------------------------------
----------------------------------------
31/10/13 21:00 - Objeto: ATP3_MainProcedimiento - Se inicia proceso
31/10/13 21:00 - Objeto: ATP3_MainProcedimiento - Inicio cálculo de mails válidos
31/10/13 21:00 - Objeto: ATP3_MainProcedimiento - Termino cálculo de mails válidos
31/10/13 21:00 - Objeto: ATP3_MainProcedimiento - Inicia proceso de recibir emails
31/10/13 21:00 - Objeto: RecibirEmails - Se han recibido 21.00 emails.
31/10/13 21:00 - Objeto: RecibirEmails - Se lee email número 1
31/10/13 21:00 - Objeto: RecibirEmails - El email número 1 NO es válido
31/10/13 21:00 - Objeto: RecibirEmails - Se lee email número 2
31/10/13 21:00 - Objeto: RecibirEmails - El email número 2 NO es válido
31/10/13 21:00 - Objeto: RecibirEmails - Se lee email número 3
31/10/13 21:00 - Objeto: RecibirEmails - El email número 3 NO es válido
31/10/13 21:00 - Objeto: RecibirEmails - Se lee email número 4
31/10/13 21:00 - Objeto: RecibirEmails - El email número 4 NO es válido
31/10/13 21:00 - Objeto: RecibirEmails - Se lee email número 5
31/10/13 21:00 - Objeto: RecibirEmails - El email número 5 NO es válido
31/10/13 21:00 - Objeto: RecibirEmails - Se lee email número 6
31/10/13 21:00 - Objeto: RecibirEmails - El email número 6 NO es válido
31/10/13 21:00 - Objeto: RecibirEmails - Se lee email número 7
31/10/13 21:00 - Objeto: RecibirEmails - El email número 7 NO es válido
31/10/13 21:00 - Objeto: RecibirEmails - Se lee email número 8
31/10/13 21:00 - Objeto: RecibirEmails - El email número 8 NO es válido
31/10/13 21:00 - Objeto: RecibirEmails - Se lee email número 9
31/10/13 21:00 - Objeto: RecibirEmails - El email número 9 NO es válido
31/10/13 21:00 - Objeto: RecibirEmails - Se lee email número 10
31/10/13 21:00 - Objeto: RecibirEmails - El email número 10 NO es válido
31/10/13 21:00 - Objeto: RecibirEmails - Se lee email número 11
31/10/13 21:00 - Objeto: RecibirEmails - El email número 11 NO es válido
31/10/13 21:00 - Objeto: RecibirEmails - Se lee email número 12
31/10/13 21:00 - Objeto: RecibirEmails - El email número 12 NO es válido
31/10/13 21:00 - Objeto: RecibirEmails - Se lee email número 13
31/10/13 21:00 - Objeto: RecibirEmails - El email número 13 NO es válido
31/10/13 21:00 - Objeto: RecibirEmails - Se lee email número 14
31/10/13 21:00 - Objeto: RecibirEmails - El email número 14 NO es válido
31/10/13 21:00 - Objeto: RecibirEmails - Se lee email número 15
31/10/13 21:00 - Objeto: RecibirEmails - El email número 15 NO es válido
31/10/13 21:00 - Objeto: RecibirEmails - Se lee email número 16
31/10/13 21:00 - Objeto: RecibirEmails - El email número 16 NO es válido
31/10/13 21:00 - Objeto: RecibirEmails - Se lee email número 17
31/10/13 21:00 - Objeto: RecibirEmails - El email número 17 NO es válido
31/10/13 21:00 - Objeto: RecibirEmails - Se lee email número 18
31/10/13 21:00 - Objeto: RecibirEmails - El email número 18 NO es válido
31/10/13 21:00 - Objeto: RecibirEmails - Se lee email número 19
31/10/13 21:00 - Objeto: RecibirEmails - El email número 19 NO es válido
31/10/13 21:00 - Objeto: RecibirEmails - Se lee email número 20
31/10/13 21:00 - Objeto: RecibirEmails - El email número 20 NO es válido
31/10/13 21:00 - Objeto: RecibirEmails - Se lee email número 21
31/10/13 21:00 - Objeto: RecibirEmails - El email número 21 NO es válido
31/10/13 21:00 - Objeto: ATP3_MainProcedimiento - Finaliza proceso de recibir emails
----------------------------------------
----------------------------------------
31/10/13 21:03 - Objeto: ATP3_MainProcedimiento - Se inicia proceso
31/10/13 21:03 - Objeto: ATP3_MainProcedimiento - Inicio cálculo de mails válidos
31/10/13 21:03 - Objeto: ATP3_MainProcedimiento - Termino cálculo de mails válidos
31/10/13 21:03 - Objeto: ATP3_MainProcedimiento - Inicia proceso de recibir emails
31/10/13 21:03 - Objeto: RecibirEmails - Se han recibido 24.00 emails.
31/10/13 21:03 - Objeto: RecibirEmails - Se lee email número 1
31/10/13 21:03 - Objeto: RecibirEmails - El email número 1 NO es válido
31/10/13 21:03 - Objeto: RecibirEmails - Se lee email número 2
31/10/13 21:03 - Objeto: RecibirEmails - El email número 2 NO es válido
31/10/13 21:03 - Objeto: RecibirEmails - Se lee email número 3
31/10/13 21:03 - Objeto: RecibirEmails - El email número 3 NO es válido
31/10/13 21:03 - Objeto: RecibirEmails - Se lee email número 4
31/10/13 21:03 - Objeto: RecibirEmails - El email número 4 NO es válido
31/10/13 21:03 - Objeto: RecibirEmails - Se lee email número 5
31/10/13 21:03 - Objeto: RecibirEmails - El email número 5 NO es válido
31/10/13 21:03 - Objeto: RecibirEmails - Se lee email número 6
31/10/13 21:03 - Objeto: RecibirEmails - El email número 6 NO es válido
31/10/13 21:03 - Objeto: RecibirEmails - Se lee email número 7
31/10/13 21:03 - Objeto: RecibirEmails - El email número 7 NO es válido
31/10/13 21:03 - Objeto: RecibirEmails - Se lee email número 8
31/10/13 21:03 - Objeto: RecibirEmails - El email número 8 NO es válido
31/10/13 21:03 - Objeto: RecibirEmails - Se lee email número 9
31/10/13 21:03 - Objeto: RecibirEmails - El email número 9 NO es válido
31/10/13 21:03 - Objeto: RecibirEmails - Se lee email número 10
31/10/13 21:03 - Objeto: RecibirEmails - El email número 10 NO es válido
31/10/13 21:03 - Objeto: RecibirEmails - Se lee email número 11
31/10/13 21:03 - Objeto: RecibirEmails - El email número 11 NO es válido
31/10/13 21:03 - Objeto: RecibirEmails - Se lee email número 12
31/10/13 21:03 - Objeto: RecibirEmails - El email número 12 NO es válido
31/10/13 21:03 - Objeto: RecibirEmails - Se lee email número 13
31/10/13 21:03 - Objeto: RecibirEmails - El email número 13 NO es válido
31/10/13 21:03 - Objeto: RecibirEmails - Se lee email número 14
31/10/13 21:03 - Objeto: RecibirEmails - El email número 14 NO es válido
31/10/13 21:03 - Objeto: RecibirEmails - Se lee email número 15
31/10/13 21:03 - Objeto: RecibirEmails - El email número 15 NO es válido
31/10/13 21:03 - Objeto: RecibirEmails - Se lee email número 16
31/10/13 21:03 - Objeto: RecibirEmails - El email número 16 NO es válido
31/10/13 21:03 - Objeto: RecibirEmails - Se lee email número 17
31/10/13 21:03 - Objeto: RecibirEmails - El email número 17 NO es válido
31/10/13 21:03 - Objeto: RecibirEmails - Se lee email número 18
31/10/13 21:03 - Objeto: RecibirEmails - El email número 18 NO es válido
31/10/13 21:03 - Objeto: RecibirEmails - Se lee email número 19
31/10/13 21:03 - Objeto: RecibirEmails - El email número 19 NO es válido
31/10/13 21:03 - Objeto: RecibirEmails - Se lee email número 20
31/10/13 21:03 - Objeto: RecibirEmails - El email número 20 NO es válido
31/10/13 21:03 - Objeto: RecibirEmails - Se lee email número 21
31/10/13 21:03 - Objeto: RecibirEmails - El email número 21 NO es válido
31/10/13 21:03 - Objeto: RecibirEmails - Se lee email número 22
31/10/13 21:03 - Objeto: RecibirEmails - El email número 22 es válido
31/10/13 21:03 - Objeto: RecibirEmails - El email número 22 NO tiene el formato correcto (<>)
31/10/13 21:03 - Objeto: RecibirEmails - Se lee email número 23
31/10/13 21:03 - Objeto: RecibirEmails - El email número 23 es válido
31/10/13 21:03 - Objeto: RecibirEmails - El email número 23 NO tiene el formato correcto (<>)
31/10/13 21:03 - Objeto: RecibirEmails - Se lee email número 24
31/10/13 21:03 - Objeto: RecibirEmails - El email número 24 es válido
31/10/13 21:03 - Objeto: RecibirEmails - El email número 24 NO tiene el formato correcto (<>)
31/10/13 21:03 - Objeto: ATP3_MainProcedimiento - Finaliza proceso de recibir emails
----------------------------------------
----------------------------------------
31/10/13 21:06 - Objeto: ATP3_MainProcedimiento - Se inicia proceso
31/10/13 21:06 - Objeto: ATP3_MainProcedimiento - Inicio cálculo de mails válidos
31/10/13 21:06 - Objeto: ATP3_MainProcedimiento - Termino cálculo de mails válidos
31/10/13 21:06 - Objeto: ATP3_MainProcedimiento - Inicia proceso de recibir emails
31/10/13 21:06 - Objeto: RecibirEmails - Se han recibido 27.00 emails.
31/10/13 21:06 - Objeto: RecibirEmails - Se lee email número 1
31/10/13 21:06 - Objeto: RecibirEmails - El email número 1 NO es válido
31/10/13 21:06 - Objeto: RecibirEmails - Se lee email número 2
31/10/13 21:06 - Objeto: RecibirEmails - El email número 2 NO es válido
31/10/13 21:06 - Objeto: RecibirEmails - Se lee email número 3
31/10/13 21:06 - Objeto: RecibirEmails - El email número 3 NO es válido
31/10/13 21:06 - Objeto: RecibirEmails - Se lee email número 4
31/10/13 21:06 - Objeto: RecibirEmails - El email número 4 NO es válido
31/10/13 21:06 - Objeto: RecibirEmails - Se lee email número 5
31/10/13 21:06 - Objeto: RecibirEmails - El email número 5 NO es válido
31/10/13 21:06 - Objeto: RecibirEmails - Se lee email número 6
31/10/13 21:06 - Objeto: RecibirEmails - El email número 6 NO es válido
31/10/13 21:06 - Objeto: RecibirEmails - Se lee email número 7
31/10/13 21:06 - Objeto: RecibirEmails - El email número 7 NO es válido
31/10/13 21:06 - Objeto: RecibirEmails - Se lee email número 8
31/10/13 21:06 - Objeto: RecibirEmails - El email número 8 NO es válido
31/10/13 21:06 - Objeto: RecibirEmails - Se lee email número 9
31/10/13 21:06 - Objeto: RecibirEmails - El email número 9 NO es válido
31/10/13 21:06 - Objeto: RecibirEmails - Se lee email número 10
31/10/13 21:06 - Objeto: RecibirEmails - El email número 10 NO es válido
31/10/13 21:06 - Objeto: RecibirEmails - Se lee email número 11
31/10/13 21:06 - Objeto: RecibirEmails - El email número 11 NO es válido
31/10/13 21:06 - Objeto: RecibirEmails - Se lee email número 12
31/10/13 21:06 - Objeto: RecibirEmails - El email número 12 NO es válido
31/10/13 21:06 - Objeto: RecibirEmails - Se lee email número 13
31/10/13 21:06 - Objeto: RecibirEmails - El email número 13 NO es válido
31/10/13 21:06 - Objeto: RecibirEmails - Se lee email número 14
31/10/13 21:06 - Objeto: RecibirEmails - El email número 14 NO es válido
31/10/13 21:06 - Objeto: RecibirEmails - Se lee email número 15
31/10/13 21:06 - Objeto: RecibirEmails - El email número 15 NO es válido
31/10/13 21:06 - Objeto: RecibirEmails - Se lee email número 16
31/10/13 21:06 - Objeto: RecibirEmails - El email número 16 NO es válido
31/10/13 21:06 - Objeto: RecibirEmails - Se lee email número 17
31/10/13 21:06 - Objeto: RecibirEmails - El email número 17 NO es válido
31/10/13 21:06 - Objeto: RecibirEmails - Se lee email número 18
31/10/13 21:06 - Objeto: RecibirEmails - El email número 18 NO es válido
31/10/13 21:06 - Objeto: RecibirEmails - Se lee email número 19
31/10/13 21:06 - Objeto: RecibirEmails - El email número 19 NO es válido
31/10/13 21:06 - Objeto: RecibirEmails - Se lee email número 20
31/10/13 21:06 - Objeto: RecibirEmails - El email número 20 NO es válido
31/10/13 21:06 - Objeto: RecibirEmails - Se lee email número 21
31/10/13 21:06 - Objeto: RecibirEmails - El email número 21 NO es válido
31/10/13 21:06 - Objeto: RecibirEmails - Se lee email número 22
31/10/13 21:06 - Objeto: RecibirEmails - El email número 22 es válido
31/10/13 21:06 - Objeto: RecibirEmails - El email número 22 NO tiene el formato correcto (<>)
31/10/13 21:06 - Objeto: RecibirEmails - Se lee email número 23
31/10/13 21:06 - Objeto: RecibirEmails - El email número 23 es válido
31/10/13 21:06 - Objeto: RecibirEmails - El email número 23 NO tiene el formato correcto (<>)
31/10/13 21:06 - Objeto: RecibirEmails - Se lee email número 24
31/10/13 21:06 - Objeto: RecibirEmails - El email número 24 es válido
31/10/13 21:06 - Objeto: RecibirEmails - El email número 24 NO tiene el formato correcto (<>)
31/10/13 21:06 - Objeto: RecibirEmails - Se lee email número 25
31/10/13 21:06 - Objeto: RecibirEmails - El email número 25 es válido
31/10/13 21:06 - Objeto: RecibirEmails - Se lee email número 26
31/10/13 21:06 - Objeto: RecibirEmails - El email número 26 es válido
31/10/13 21:06 - Objeto: RecibirEmails - Se lee email número 27
31/10/13 21:06 - Objeto: RecibirEmails - El email número 27 es válido
31/10/13 21:06 - Objeto: RecibirEmails - Se recibieron 3 emails con formato correcto.
31/10/13 21:06 - Objeto: ATP3_MainProcedimiento - Finaliza proceso de recibir emails
----------------------------------------
----------------------------------------
31/10/13 21:09 - Objeto: ATP3_MainProcedimiento - Se inicia proceso
31/10/13 21:09 - Objeto: ATP3_MainProcedimiento - Inicio cálculo de mails válidos
31/10/13 21:09 - Objeto: ATP3_MainProcedimiento - Termino cálculo de mails válidos
31/10/13 21:09 - Objeto: ATP3_MainProcedimiento - Inicia proceso de recibir emails
31/10/13 21:09 - Objeto: RecibirEmails - Se han recibido 28.00 emails.
31/10/13 21:09 - Objeto: RecibirEmails - Se lee email número 1
31/10/13 21:09 - Objeto: RecibirEmails - El email número 1 NO es válido
31/10/13 21:09 - Objeto: RecibirEmails - Se lee email número 2
31/10/13 21:09 - Objeto: RecibirEmails - El email número 2 NO es válido
31/10/13 21:09 - Objeto: RecibirEmails - Se lee email número 3
31/10/13 21:09 - Objeto: RecibirEmails - El email número 3 NO es válido
31/10/13 21:09 - Objeto: RecibirEmails - Se lee email número 4
31/10/13 21:09 - Objeto: RecibirEmails - El email número 4 NO es válido
31/10/13 21:09 - Objeto: RecibirEmails - Se lee email número 5
31/10/13 21:09 - Objeto: RecibirEmails - El email número 5 NO es válido
31/10/13 21:09 - Objeto: RecibirEmails - Se lee email número 6
31/10/13 21:09 - Objeto: RecibirEmails - El email número 6 NO es válido
31/10/13 21:09 - Objeto: RecibirEmails - Se lee email número 7
31/10/13 21:09 - Objeto: RecibirEmails - El email número 7 NO es válido
31/10/13 21:09 - Objeto: RecibirEmails - Se lee email número 8
31/10/13 21:09 - Objeto: RecibirEmails - El email número 8 NO es válido
31/10/13 21:09 - Objeto: RecibirEmails - Se lee email número 9
31/10/13 21:09 - Objeto: RecibirEmails - El email número 9 NO es válido
31/10/13 21:09 - Objeto: RecibirEmails - Se lee email número 10
31/10/13 21:09 - Objeto: RecibirEmails - El email número 10 NO es válido
31/10/13 21:09 - Objeto: RecibirEmails - Se lee email número 11
31/10/13 21:09 - Objeto: RecibirEmails - El email número 11 NO es válido
31/10/13 21:09 - Objeto: RecibirEmails - Se lee email número 12
31/10/13 21:09 - Objeto: RecibirEmails - El email número 12 NO es válido
31/10/13 21:09 - Objeto: RecibirEmails - Se lee email número 13
31/10/13 21:09 - Objeto: RecibirEmails - El email número 13 NO es válido
31/10/13 21:09 - Objeto: RecibirEmails - Se lee email número 14
31/10/13 21:09 - Objeto: RecibirEmails - El email número 14 NO es válido
31/10/13 21:09 - Objeto: RecibirEmails - Se lee email número 15
31/10/13 21:09 - Objeto: RecibirEmails - El email número 15 NO es válido
31/10/13 21:09 - Objeto: RecibirEmails - Se lee email número 16
31/10/13 21:09 - Objeto: RecibirEmails - El email número 16 NO es válido
31/10/13 21:09 - Objeto: RecibirEmails - Se lee email número 17
31/10/13 21:09 - Objeto: RecibirEmails - El email número 17 NO es válido
31/10/13 21:09 - Objeto: RecibirEmails - Se lee email número 18
31/10/13 21:09 - Objeto: RecibirEmails - El email número 18 NO es válido
31/10/13 21:09 - Objeto: RecibirEmails - Se lee email número 19
31/10/13 21:09 - Objeto: RecibirEmails - El email número 19 NO es válido
31/10/13 21:09 - Objeto: RecibirEmails - Se lee email número 20
31/10/13 21:09 - Objeto: RecibirEmails - El email número 20 NO es válido
31/10/13 21:09 - Objeto: RecibirEmails - Se lee email número 21
31/10/13 21:09 - Objeto: RecibirEmails - El email número 21 NO es válido
31/10/13 21:09 - Objeto: RecibirEmails - Se lee email número 22
31/10/13 21:09 - Objeto: RecibirEmails - El email número 22 es válido
31/10/13 21:09 - Objeto: RecibirEmails - El email número 22 NO tiene el formato correcto (<>)
31/10/13 21:09 - Objeto: RecibirEmails - Se lee email número 23
31/10/13 21:09 - Objeto: RecibirEmails - El email número 23 es válido
31/10/13 21:09 - Objeto: RecibirEmails - El email número 23 NO tiene el formato correcto (<>)
31/10/13 21:09 - Objeto: RecibirEmails - Se lee email número 24
31/10/13 21:09 - Objeto: RecibirEmails - El email número 24 es válido
31/10/13 21:09 - Objeto: RecibirEmails - El email número 24 NO tiene el formato correcto (<>)
31/10/13 21:09 - Objeto: RecibirEmails - Se lee email número 25
31/10/13 21:09 - Objeto: RecibirEmails - El email número 25 es válido
31/10/13 21:09 - Objeto: RecibirEmails - Se lee email número 26
31/10/13 21:09 - Objeto: RecibirEmails - El email número 26 es válido
31/10/13 21:09 - Objeto: RecibirEmails - Se lee email número 27
31/10/13 21:09 - Objeto: RecibirEmails - El email número 27 es válido
31/10/13 21:09 - Objeto: RecibirEmails - Se lee email número 28
31/10/13 21:09 - Objeto: RecibirEmails - El email número 28 es válido
31/10/13 21:09 - Objeto: RecibirEmails - Se recibieron 4 emails con formato correcto.
31/10/13 21:09 - Objeto: ATP3_MainProcedimiento - Finaliza proceso de recibir emails
----------------------------------------
----------------------------------------
31/10/13 21:12 - Objeto: ATP3_MainProcedimiento - Se inicia proceso
31/10/13 21:12 - Objeto: ATP3_MainProcedimiento - Inicio cálculo de mails válidos
31/10/13 21:12 - Objeto: ATP3_MainProcedimiento - Termino cálculo de mails válidos
31/10/13 21:12 - Objeto: ATP3_MainProcedimiento - Inicia proceso de recibir emails
31/10/13 21:12 - Objeto: RecibirEmails - Se han recibido 28.00 emails.
31/10/13 21:12 - Objeto: RecibirEmails - Se lee email número 1
31/10/13 21:12 - Objeto: RecibirEmails - El email número 1 NO es válido
31/10/13 21:12 - Objeto: RecibirEmails - Se lee email número 2
31/10/13 21:12 - Objeto: RecibirEmails - El email número 2 NO es válido
31/10/13 21:12 - Objeto: RecibirEmails - Se lee email número 3
31/10/13 21:12 - Objeto: RecibirEmails - El email número 3 NO es válido
31/10/13 21:12 - Objeto: RecibirEmails - Se lee email número 4
31/10/13 21:12 - Objeto: RecibirEmails - El email número 4 NO es válido
31/10/13 21:12 - Objeto: RecibirEmails - Se lee email número 5
31/10/13 21:12 - Objeto: RecibirEmails - El email número 5 NO es válido
31/10/13 21:12 - Objeto: RecibirEmails - Se lee email número 6
31/10/13 21:12 - Objeto: RecibirEmails - El email número 6 NO es válido
31/10/13 21:12 - Objeto: RecibirEmails - Se lee email número 7
31/10/13 21:12 - Objeto: RecibirEmails - El email número 7 NO es válido
31/10/13 21:12 - Objeto: RecibirEmails - Se lee email número 8
31/10/13 21:12 - Objeto: RecibirEmails - El email número 8 NO es válido
31/10/13 21:12 - Objeto: RecibirEmails - Se lee email número 9
31/10/13 21:12 - Objeto: RecibirEmails - El email número 9 NO es válido
31/10/13 21:12 - Objeto: RecibirEmails - Se lee email número 10
31/10/13 21:12 - Objeto: RecibirEmails - El email número 10 NO es válido
31/10/13 21:12 - Objeto: RecibirEmails - Se lee email número 11
31/10/13 21:12 - Objeto: RecibirEmails - El email número 11 NO es válido
31/10/13 21:12 - Objeto: RecibirEmails - Se lee email número 12
31/10/13 21:12 - Objeto: RecibirEmails - El email número 12 NO es válido
31/10/13 21:12 - Objeto: RecibirEmails - Se lee email número 13
31/10/13 21:12 - Objeto: RecibirEmails - El email número 13 NO es válido
31/10/13 21:12 - Objeto: RecibirEmails - Se lee email número 14
31/10/13 21:12 - Objeto: RecibirEmails - El email número 14 NO es válido
31/10/13 21:12 - Objeto: RecibirEmails - Se lee email número 15
31/10/13 21:12 - Objeto: RecibirEmails - El email número 15 NO es válido
31/10/13 21:12 - Objeto: RecibirEmails - Se lee email número 16
31/10/13 21:12 - Objeto: RecibirEmails - El email número 16 NO es válido
31/10/13 21:12 - Objeto: RecibirEmails - Se lee email número 17
31/10/13 21:12 - Objeto: RecibirEmails - El email número 17 NO es válido
31/10/13 21:12 - Objeto: RecibirEmails - Se lee email número 18
31/10/13 21:12 - Objeto: RecibirEmails - El email número 18 NO es válido
31/10/13 21:12 - Objeto: RecibirEmails - Se lee email número 19
31/10/13 21:12 - Objeto: RecibirEmails - El email número 19 NO es válido
31/10/13 21:12 - Objeto: RecibirEmails - Se lee email número 20
31/10/13 21:12 - Objeto: RecibirEmails - El email número 20 NO es válido
31/10/13 21:12 - Objeto: RecibirEmails - Se lee email número 21
31/10/13 21:12 - Objeto: RecibirEmails - El email número 21 NO es válido
31/10/13 21:12 - Objeto: RecibirEmails - Se lee email número 22
31/10/13 21:12 - Objeto: RecibirEmails - El email número 22 es válido
31/10/13 21:12 - Objeto: RecibirEmails - El email número 22 NO tiene el formato correcto (<>)
31/10/13 21:12 - Objeto: RecibirEmails - Se lee email número 23
31/10/13 21:12 - Objeto: RecibirEmails - El email número 23 es válido
31/10/13 21:12 - Objeto: RecibirEmails - El email número 23 NO tiene el formato correcto (<>)
31/10/13 21:12 - Objeto: RecibirEmails - Se lee email número 24
31/10/13 21:12 - Objeto: RecibirEmails - El email número 24 es válido
31/10/13 21:12 - Objeto: RecibirEmails - El email número 24 NO tiene el formato correcto (<>)
31/10/13 21:12 - Objeto: RecibirEmails - Se lee email número 25
31/10/13 21:12 - Objeto: RecibirEmails - El email número 25 es válido
31/10/13 21:12 - Objeto: RecibirEmails - Se lee email número 26
31/10/13 21:12 - Objeto: RecibirEmails - El email número 26 es válido
31/10/13 21:12 - Objeto: RecibirEmails - Se lee email número 27
31/10/13 21:12 - Objeto: RecibirEmails - El email número 27 es válido
31/10/13 21:12 - Objeto: RecibirEmails - Se lee email número 28
31/10/13 21:12 - Objeto: RecibirEmails - El email número 28 es válido
31/10/13 21:12 - Objeto: RecibirEmails - Se recibieron 4 emails con formato correcto.
31/10/13 21:12 - Objeto: ATP3_MainProcedimiento - Finaliza proceso de recibir emails
----------------------------------------
----------------------------------------
31/10/13 21:15 - Objeto: ATP3_MainProcedimiento - Se inicia proceso
31/10/13 21:15 - Objeto: ATP3_MainProcedimiento - Inicio cálculo de mails válidos
31/10/13 21:15 - Objeto: ATP3_MainProcedimiento - Termino cálculo de mails válidos
31/10/13 21:15 - Objeto: ATP3_MainProcedimiento - Inicia proceso de recibir emails
31/10/13 21:15 - Objeto: RecibirEmails - Se han recibido 28.00 emails.
31/10/13 21:15 - Objeto: RecibirEmails - Se lee email número 1
31/10/13 21:15 - Objeto: RecibirEmails - El email número 1 NO es válido
31/10/13 21:15 - Objeto: RecibirEmails - Se lee email número 2
31/10/13 21:15 - Objeto: RecibirEmails - El email número 2 NO es válido
31/10/13 21:15 - Objeto: RecibirEmails - Se lee email número 3
31/10/13 21:15 - Objeto: RecibirEmails - El email número 3 NO es válido
31/10/13 21:15 - Objeto: RecibirEmails - Se lee email número 4
31/10/13 21:15 - Objeto: RecibirEmails - El email número 4 NO es válido
31/10/13 21:15 - Objeto: RecibirEmails - Se lee email número 5
31/10/13 21:15 - Objeto: RecibirEmails - El email número 5 NO es válido
31/10/13 21:15 - Objeto: RecibirEmails - Se lee email número 6
31/10/13 21:15 - Objeto: RecibirEmails - El email número 6 NO es válido
31/10/13 21:15 - Objeto: RecibirEmails - Se lee email número 7
31/10/13 21:15 - Objeto: RecibirEmails - El email número 7 NO es válido
31/10/13 21:15 - Objeto: RecibirEmails - Se lee email número 8
31/10/13 21:15 - Objeto: RecibirEmails - El email número 8 NO es válido
31/10/13 21:15 - Objeto: RecibirEmails - Se lee email número 9
31/10/13 21:15 - Objeto: RecibirEmails - El email número 9 NO es válido
31/10/13 21:15 - Objeto: RecibirEmails - Se lee email número 10
31/10/13 21:15 - Objeto: RecibirEmails - El email número 10 NO es válido
31/10/13 21:15 - Objeto: RecibirEmails - Se lee email número 11
31/10/13 21:15 - Objeto: RecibirEmails - El email número 11 NO es válido
31/10/13 21:15 - Objeto: RecibirEmails - Se lee email número 12
31/10/13 21:15 - Objeto: RecibirEmails - El email número 12 NO es válido
31/10/13 21:15 - Objeto: RecibirEmails - Se lee email número 13
31/10/13 21:15 - Objeto: RecibirEmails - El email número 13 NO es válido
31/10/13 21:15 - Objeto: RecibirEmails - Se lee email número 14
31/10/13 21:15 - Objeto: RecibirEmails - El email número 14 NO es válido
31/10/13 21:15 - Objeto: RecibirEmails - Se lee email número 15
31/10/13 21:15 - Objeto: RecibirEmails - El email número 15 NO es válido
31/10/13 21:15 - Objeto: RecibirEmails - Se lee email número 16
31/10/13 21:15 - Objeto: RecibirEmails - El email número 16 NO es válido
31/10/13 21:15 - Objeto: RecibirEmails - Se lee email número 17
31/10/13 21:15 - Objeto: RecibirEmails - El email número 17 NO es válido
31/10/13 21:15 - Objeto: RecibirEmails - Se lee email número 18
31/10/13 21:15 - Objeto: RecibirEmails - El email número 18 NO es válido
31/10/13 21:15 - Objeto: RecibirEmails - Se lee email número 19
31/10/13 21:15 - Objeto: RecibirEmails - El email número 19 NO es válido
31/10/13 21:15 - Objeto: RecibirEmails - Se lee email número 20
31/10/13 21:15 - Objeto: RecibirEmails - El email número 20 NO es válido
31/10/13 21:15 - Objeto: RecibirEmails - Se lee email número 21
31/10/13 21:15 - Objeto: RecibirEmails - El email número 21 NO es válido
31/10/13 21:15 - Objeto: RecibirEmails - Se lee email número 22
31/10/13 21:15 - Objeto: RecibirEmails - El email número 22 es válido
31/10/13 21:15 - Objeto: RecibirEmails - El email número 22 NO tiene el formato correcto (<>)
31/10/13 21:15 - Objeto: RecibirEmails - Se lee email número 23
31/10/13 21:15 - Objeto: RecibirEmails - El email número 23 es válido
31/10/13 21:15 - Objeto: RecibirEmails - El email número 23 NO tiene el formato correcto (<>)
31/10/13 21:15 - Objeto: RecibirEmails - Se lee email número 24
31/10/13 21:15 - Objeto: RecibirEmails - El email número 24 es válido
31/10/13 21:15 - Objeto: RecibirEmails - El email número 24 NO tiene el formato correcto (<>)
31/10/13 21:15 - Objeto: RecibirEmails - Se lee email número 25
31/10/13 21:15 - Objeto: RecibirEmails - El email número 25 es válido
31/10/13 21:15 - Objeto: RecibirEmails - Se lee email número 26
31/10/13 21:15 - Objeto: RecibirEmails - El email número 26 es válido
31/10/13 21:15 - Objeto: RecibirEmails - Se lee email número 27
31/10/13 21:15 - Objeto: RecibirEmails - El email número 27 es válido
31/10/13 21:15 - Objeto: RecibirEmails - Se lee email número 28
31/10/13 21:15 - Objeto: RecibirEmails - El email número 28 es válido
31/10/13 21:15 - Objeto: RecibirEmails - Se recibieron 4 emails con formato correcto.
31/10/13 21:15 - Objeto: ATP3_MainProcedimiento - Finaliza proceso de recibir emails
----------------------------------------
----------------------------------------
31/10/13 21:18 - Objeto: ATP3_MainProcedimiento - Se inicia proceso
31/10/13 21:18 - Objeto: ATP3_MainProcedimiento - Inicio cálculo de mails válidos
31/10/13 21:18 - Objeto: ATP3_MainProcedimiento - Termino cálculo de mails válidos
31/10/13 21:18 - Objeto: ATP3_MainProcedimiento - Inicia proceso de recibir emails
----------------------------------------
31/10/13 21:21 - Objeto: ATP3_MainProcedimiento - Se inicia proceso
31/10/13 21:21 - Objeto: ATP3_MainProcedimiento - Inicio cálculo de mails válidos
31/10/13 21:21 - Objeto: ATP3_MainProcedimiento - Termino cálculo de mails válidos
31/10/13 21:21 - Objeto: ATP3_MainProcedimiento - Inicia proceso de recibir emails
31/10/13 21:21 - Objeto: RecibirEmails - ERROR: Se ha producido el siguiente error al conectarse al servidor de corrreo: 19.00 Remote host closed connection during handshake
31/10/13 21:21 - Objeto: ATP3_MainProcedimiento - Finaliza proceso de recibir emails
----------------------------------------
31/10/13 21:22 - Objeto: RecibirEmails - Se han recibido 28.00 emails.
31/10/13 21:23 - Objeto: RecibirEmails - Se lee email número 1
31/10/13 21:23 - Objeto: RecibirEmails - El email número 1 NO es válido
----------------------------------------
31/10/13 21:24 - Objeto: ATP3_MainProcedimiento - Se inicia proceso
31/10/13 21:24 - Objeto: ATP3_MainProcedimiento - Inicio cálculo de mails válidos
31/10/13 21:24 - Objeto: ATP3_MainProcedimiento - Termino cálculo de mails válidos
31/10/13 21:24 - Objeto: ATP3_MainProcedimiento - Inicia proceso de recibir emails
31/10/13 21:25 - Objeto: RecibirEmails - Se lee email número 2
31/10/13 21:25 - Objeto: RecibirEmails - El email número 2 NO es válido
31/10/13 21:26 - Objeto: RecibirEmails - Se lee email número 3
31/10/13 21:26 - Objeto: RecibirEmails - El email número 3 NO es válido
----------------------------------------
31/10/13 21:27 - Objeto: ATP3_MainProcedimiento - Se inicia proceso
31/10/13 21:27 - Objeto: ATP3_MainProcedimiento - Inicio cálculo de mails válidos
31/10/13 21:27 - Objeto: ATP3_MainProcedimiento - Termino cálculo de mails válidos
31/10/13 21:27 - Objeto: ATP3_MainProcedimiento - Inicia proceso de recibir emails
31/10/13 21:27 - Objeto: RecibirEmails - ERROR: Se ha producido el siguiente error al conectarse al servidor de corrreo: 3.00 Can't connect to mail server
31/10/13 21:27 - Objeto: ATP3_MainProcedimiento - Finaliza proceso de recibir emails
----------------------------------------
31/10/13 21:27 - Objeto: RecibirEmails - Se han recibido 28.00 emails.
31/10/13 21:27 - Objeto: RecibirEmails - Se lee email número 4
31/10/13 21:27 - Objeto: RecibirEmails - El email número 4 NO es válido
31/10/13 21:27 - Objeto: RecibirEmails - Se lee email número 1
31/10/13 21:27 - Objeto: RecibirEmails - El email número 1 NO es válido
31/10/13 21:28 - Objeto: RecibirEmails - Se lee email número 5
31/10/13 21:28 - Objeto: RecibirEmails - El email número 5 NO es válido
31/10/13 21:28 - Objeto: RecibirEmails - Se lee email número 6
31/10/13 21:28 - Objeto: RecibirEmails - El email número 6 NO es válido
31/10/13 21:28 - Objeto: RecibirEmails - Se lee email número 7
31/10/13 21:28 - Objeto: RecibirEmails - El email número 7 NO es válido
31/10/13 21:28 - Objeto: RecibirEmails - Se lee email número 8
31/10/13 21:28 - Objeto: RecibirEmails - El email número 8 NO es válido
31/10/13 21:28 - Objeto: RecibirEmails - Se lee email número 9
31/10/13 21:28 - Objeto: RecibirEmails - El email número 9 NO es válido
31/10/13 21:28 - Objeto: RecibirEmails - Se lee email número 10
31/10/13 21:28 - Objeto: RecibirEmails - El email número 10 NO es válido
31/10/13 21:28 - Objeto: RecibirEmails - Se lee email número 11
31/10/13 21:28 - Objeto: RecibirEmails - El email número 11 NO es válido
31/10/13 21:28 - Objeto: RecibirEmails - Se lee email número 12
31/10/13 21:28 - Objeto: RecibirEmails - El email número 12 NO es válido
31/10/13 21:28 - Objeto: RecibirEmails - Se lee email número 13
31/10/13 21:28 - Objeto: RecibirEmails - El email número 13 NO es válido
31/10/13 21:28 - Objeto: RecibirEmails - Se lee email número 14
31/10/13 21:28 - Objeto: RecibirEmails - El email número 14 NO es válido
31/10/13 21:28 - Objeto: RecibirEmails - Se lee email número 15
31/10/13 21:28 - Objeto: RecibirEmails - El email número 15 NO es válido
31/10/13 21:28 - Objeto: RecibirEmails - Se lee email número 16
31/10/13 21:28 - Objeto: RecibirEmails - El email número 16 NO es válido
31/10/13 21:28 - Objeto: RecibirEmails - Se lee email número 17
31/10/13 21:28 - Objeto: RecibirEmails - El email número 17 NO es válido
31/10/13 21:28 - Objeto: RecibirEmails - Se lee email número 18
31/10/13 21:28 - Objeto: RecibirEmails - El email número 18 NO es válido
31/10/13 21:28 - Objeto: RecibirEmails - Se lee email número 19
31/10/13 21:28 - Objeto: RecibirEmails - El email número 19 NO es válido
31/10/13 21:28 - Objeto: RecibirEmails - Se lee email número 20
31/10/13 21:28 - Objeto: RecibirEmails - El email número 20 NO es válido
31/10/13 21:28 - Objeto: RecibirEmails - Se lee email número 21
31/10/13 21:28 - Objeto: RecibirEmails - El email número 21 NO es válido
31/10/13 21:28 - Objeto: RecibirEmails - Se lee email número 22
31/10/13 21:28 - Objeto: RecibirEmails - El email número 22 es válido
31/10/13 21:28 - Objeto: RecibirEmails - El email número 22 NO tiene el formato correcto (<>)
31/10/13 21:28 - Objeto: RecibirEmails - Se lee email número 23
31/10/13 21:28 - Objeto: RecibirEmails - El email número 23 es válido
31/10/13 21:28 - Objeto: RecibirEmails - El email número 23 NO tiene el formato correcto (<>)
31/10/13 21:28 - Objeto: RecibirEmails - Se lee email número 24
31/10/13 21:28 - Objeto: RecibirEmails - El email número 24 es válido
31/10/13 21:28 - Objeto: RecibirEmails - El email número 24 NO tiene el formato correcto (<>)
31/10/13 21:28 - Objeto: RecibirEmails - Se lee email número 25
31/10/13 21:28 - Objeto: RecibirEmails - El email número 25 es válido
31/10/13 21:28 - Objeto: RecibirEmails - Se lee email número 26
31/10/13 21:28 - Objeto: RecibirEmails - El email número 26 es válido
31/10/13 21:28 - Objeto: RecibirEmails - Se lee email número 27
31/10/13 21:28 - Objeto: RecibirEmails - El email número 27 es válido
31/10/13 21:28 - Objeto: RecibirEmails - Se lee email número 28
31/10/13 21:28 - Objeto: RecibirEmails - El email número 28 es válido
31/10/13 21:28 - Objeto: RecibirEmails - Se recibieron 4 emails con formato correcto.
31/10/13 21:28 - Objeto: ATP3_MainProcedimiento - Finaliza proceso de recibir emails
----------------------------------------
31/10/13 21:28 - Objeto: RecibirEmails - Se lee email número 2
31/10/13 21:28 - Objeto: RecibirEmails - El email número 2 NO es válido
31/10/13 21:28 - Objeto: RecibirEmails - Se lee email número 3
31/10/13 21:28 - Objeto: RecibirEmails - El email número 3 NO es válido
31/10/13 21:28 - Objeto: RecibirEmails - Se lee email número 4
31/10/13 21:28 - Objeto: RecibirEmails - El email número 4 NO es válido
31/10/13 21:28 - Objeto: RecibirEmails - Se lee email número 5
31/10/13 21:28 - Objeto: RecibirEmails - El email número 5 NO es válido
31/10/13 21:28 - Objeto: RecibirEmails - Se lee email número 6
31/10/13 21:28 - Objeto: RecibirEmails - El email número 6 NO es válido
31/10/13 21:28 - Objeto: RecibirEmails - Se lee email número 7
31/10/13 21:28 - Objeto: RecibirEmails - El email número 7 NO es válido
31/10/13 21:28 - Objeto: RecibirEmails - Se lee email número 8
31/10/13 21:28 - Objeto: RecibirEmails - El email número 8 NO es válido
31/10/13 21:28 - Objeto: RecibirEmails - Se lee email número 9
31/10/13 21:28 - Objeto: RecibirEmails - El email número 9 NO es válido
31/10/13 21:28 - Objeto: RecibirEmails - Se lee email número 10
31/10/13 21:28 - Objeto: RecibirEmails - El email número 10 NO es válido
31/10/13 21:28 - Objeto: RecibirEmails - Se lee email número 11
31/10/13 21:28 - Objeto: RecibirEmails - El email número 11 NO es válido
31/10/13 21:28 - Objeto: RecibirEmails - Se lee email número 12
31/10/13 21:28 - Objeto: RecibirEmails - El email número 12 NO es válido
31/10/13 21:28 - Objeto: RecibirEmails - Se lee email número 13
31/10/13 21:28 - Objeto: RecibirEmails - El email número 13 NO es válido
31/10/13 21:28 - Objeto: RecibirEmails - Se lee email número 14
31/10/13 21:28 - Objeto: RecibirEmails - El email número 14 NO es válido
31/10/13 21:28 - Objeto: RecibirEmails - Se lee email número 15
31/10/13 21:28 - Objeto: RecibirEmails - El email número 15 NO es válido
31/10/13 21:28 - Objeto: RecibirEmails - Se lee email número 16
31/10/13 21:28 - Objeto: RecibirEmails - El email número 16 NO es válido
31/10/13 21:28 - Objeto: RecibirEmails - Se lee email número 17
31/10/13 21:28 - Objeto: RecibirEmails - El email número 17 NO es válido
31/10/13 21:28 - Objeto: RecibirEmails - Se lee email número 18
31/10/13 21:28 - Objeto: RecibirEmails - El email número 18 NO es válido
31/10/13 21:28 - Objeto: RecibirEmails - Se lee email número 19
31/10/13 21:28 - Objeto: RecibirEmails - El email número 19 NO es válido
31/10/13 21:28 - Objeto: RecibirEmails - Se lee email número 20
31/10/13 21:28 - Objeto: RecibirEmails - El email número 20 NO es válido
31/10/13 21:28 - Objeto: RecibirEmails - Se lee email número 21
31/10/13 21:28 - Objeto: RecibirEmails - El email número 21 NO es válido
31/10/13 21:28 - Objeto: RecibirEmails - Se lee email número 22
31/10/13 21:28 - Objeto: RecibirEmails - El email número 22 es válido
31/10/13 21:28 - Objeto: RecibirEmails - El email número 22 NO tiene el formato correcto (<>)
31/10/13 21:28 - Objeto: RecibirEmails - Se lee email número 23
31/10/13 21:28 - Objeto: RecibirEmails - El email número 23 es válido
31/10/13 21:28 - Objeto: RecibirEmails - El email número 23 NO tiene el formato correcto (<>)
31/10/13 21:28 - Objeto: RecibirEmails - Se lee email número 24
31/10/13 21:28 - Objeto: RecibirEmails - El email número 24 es válido
31/10/13 21:28 - Objeto: RecibirEmails - El email número 24 NO tiene el formato correcto (<>)
31/10/13 21:28 - Objeto: RecibirEmails - Se lee email número 25
31/10/13 21:28 - Objeto: RecibirEmails - El email número 25 es válido
31/10/13 21:28 - Objeto: RecibirEmails - Se lee email número 26
31/10/13 21:28 - Objeto: RecibirEmails - El email número 26 es válido
31/10/13 21:28 - Objeto: RecibirEmails - Se lee email número 27
31/10/13 21:28 - Objeto: RecibirEmails - El email número 27 es válido
31/10/13 21:28 - Objeto: RecibirEmails - Se lee email número 28
31/10/13 21:28 - Objeto: RecibirEmails - El email número 28 es válido
31/10/13 21:28 - Objeto: RecibirEmails - Se recibieron 4 emails con formato correcto.
31/10/13 21:28 - Objeto: ATP3_MainProcedimiento - Finaliza proceso de recibir emails
----------------------------------------
----------------------------------------
31/10/13 21:30 - Objeto: ATP3_MainProcedimiento - Se inicia proceso
31/10/13 21:30 - Objeto: ATP3_MainProcedimiento - Inicio cálculo de mails válidos
31/10/13 21:30 - Objeto: ATP3_MainProcedimiento - Termino cálculo de mails válidos
31/10/13 21:30 - Objeto: ATP3_MainProcedimiento - Inicia proceso de recibir emails
31/10/13 21:30 - Objeto: RecibirEmails - Se han recibido 28.00 emails.
31/10/13 21:30 - Objeto: RecibirEmails - Se lee email número 1
31/10/13 21:30 - Objeto: RecibirEmails - El email número 1 NO es válido
31/10/13 21:30 - Objeto: RecibirEmails - Se lee email número 2
31/10/13 21:30 - Objeto: RecibirEmails - El email número 2 NO es válido
31/10/13 21:30 - Objeto: RecibirEmails - Se lee email número 3
31/10/13 21:30 - Objeto: RecibirEmails - El email número 3 NO es válido
31/10/13 21:30 - Objeto: RecibirEmails - Se lee email número 4
31/10/13 21:30 - Objeto: RecibirEmails - El email número 4 NO es válido
31/10/13 21:30 - Objeto: RecibirEmails - Se lee email número 5
31/10/13 21:30 - Objeto: RecibirEmails - El email número 5 NO es válido
31/10/13 21:30 - Objeto: RecibirEmails - Se lee email número 6
31/10/13 21:30 - Objeto: RecibirEmails - El email número 6 NO es válido
31/10/13 21:30 - Objeto: RecibirEmails - Se lee email número 7
31/10/13 21:30 - Objeto: RecibirEmails - El email número 7 NO es válido
31/10/13 21:30 - Objeto: RecibirEmails - Se lee email número 8
31/10/13 21:30 - Objeto: RecibirEmails - El email número 8 NO es válido
31/10/13 21:30 - Objeto: RecibirEmails - Se lee email número 9
31/10/13 21:30 - Objeto: RecibirEmails - El email número 9 NO es válido
31/10/13 21:30 - Objeto: RecibirEmails - Se lee email número 10
31/10/13 21:30 - Objeto: RecibirEmails - El email número 10 NO es válido
31/10/13 21:30 - Objeto: RecibirEmails - Se lee email número 11
31/10/13 21:30 - Objeto: RecibirEmails - El email número 11 NO es válido
31/10/13 21:30 - Objeto: RecibirEmails - Se lee email número 12
31/10/13 21:30 - Objeto: RecibirEmails - El email número 12 NO es válido
31/10/13 21:30 - Objeto: RecibirEmails - Se lee email número 13
31/10/13 21:30 - Objeto: RecibirEmails - El email número 13 NO es válido
31/10/13 21:30 - Objeto: RecibirEmails - Se lee email número 14
31/10/13 21:30 - Objeto: RecibirEmails - El email número 14 NO es válido
31/10/13 21:30 - Objeto: RecibirEmails - Se lee email número 15
31/10/13 21:30 - Objeto: RecibirEmails - El email número 15 NO es válido
31/10/13 21:30 - Objeto: RecibirEmails - Se lee email número 16
31/10/13 21:30 - Objeto: RecibirEmails - El email número 16 NO es válido
31/10/13 21:30 - Objeto: RecibirEmails - Se lee email número 17
31/10/13 21:30 - Objeto: RecibirEmails - El email número 17 NO es válido
31/10/13 21:30 - Objeto: RecibirEmails - Se lee email número 18
31/10/13 21:30 - Objeto: RecibirEmails - El email número 18 NO es válido
31/10/13 21:30 - Objeto: RecibirEmails - Se lee email número 19
31/10/13 21:30 - Objeto: RecibirEmails - El email número 19 NO es válido
31/10/13 21:30 - Objeto: RecibirEmails - Se lee email número 20
31/10/13 21:30 - Objeto: RecibirEmails - El email número 20 NO es válido
31/10/13 21:30 - Objeto: RecibirEmails - Se lee email número 21
31/10/13 21:30 - Objeto: RecibirEmails - El email número 21 NO es válido
31/10/13 21:31 - Objeto: RecibirEmails - Se lee email número 22
31/10/13 21:31 - Objeto: RecibirEmails - El email número 22 es válido
31/10/13 21:31 - Objeto: RecibirEmails - El email número 22 NO tiene el formato correcto (<>)
31/10/13 21:31 - Objeto: RecibirEmails - Se lee email número 23
31/10/13 21:31 - Objeto: RecibirEmails - El email número 23 es válido
31/10/13 21:31 - Objeto: RecibirEmails - El email número 23 NO tiene el formato correcto (<>)
31/10/13 21:31 - Objeto: RecibirEmails - Se lee email número 24
31/10/13 21:31 - Objeto: RecibirEmails - El email número 24 es válido
31/10/13 21:31 - Objeto: RecibirEmails - El email número 24 NO tiene el formato correcto (<>)
31/10/13 21:31 - Objeto: RecibirEmails - Se lee email número 25
31/10/13 21:31 - Objeto: RecibirEmails - El email número 25 es válido
31/10/13 21:31 - Objeto: RecibirEmails - Se lee email número 26
31/10/13 21:31 - Objeto: RecibirEmails - El email número 26 es válido
31/10/13 21:31 - Objeto: RecibirEmails - Se lee email número 27
31/10/13 21:31 - Objeto: RecibirEmails - El email número 27 es válido
31/10/13 21:31 - Objeto: RecibirEmails - Se lee email número 28
31/10/13 21:31 - Objeto: RecibirEmails - El email número 28 es válido
31/10/13 21:31 - Objeto: RecibirEmails - Se recibieron 4 emails con formato correcto.
31/10/13 21:31 - Objeto: ATP3_MainProcedimiento - Finaliza proceso de recibir emails
----------------------------------------
----------------------------------------
31/10/13 21:33 - Objeto: ATP3_MainProcedimiento - Se inicia proceso
31/10/13 21:33 - Objeto: ATP3_MainProcedimiento - Inicio cálculo de mails válidos
31/10/13 21:33 - Objeto: ATP3_MainProcedimiento - Termino cálculo de mails válidos
31/10/13 21:33 - Objeto: ATP3_MainProcedimiento - Inicia proceso de recibir emails
31/10/13 21:33 - Objeto: RecibirEmails - Se han recibido 28.00 emails.
31/10/13 21:33 - Objeto: RecibirEmails - Se lee email número 1
31/10/13 21:33 - Objeto: RecibirEmails - El email número 1 NO es válido
31/10/13 21:33 - Objeto: RecibirEmails - Se lee email número 2
31/10/13 21:33 - Objeto: RecibirEmails - El email número 2 NO es válido
31/10/13 21:33 - Objeto: RecibirEmails - Se lee email número 3
31/10/13 21:33 - Objeto: RecibirEmails - El email número 3 NO es válido
31/10/13 21:33 - Objeto: RecibirEmails - Se lee email número 4
31/10/13 21:33 - Objeto: RecibirEmails - El email número 4 NO es válido
31/10/13 21:33 - Objeto: RecibirEmails - Se lee email número 5
31/10/13 21:33 - Objeto: RecibirEmails - El email número 5 NO es válido
31/10/13 21:33 - Objeto: RecibirEmails - Se lee email número 6
31/10/13 21:33 - Objeto: RecibirEmails - El email número 6 NO es válido
31/10/13 21:33 - Objeto: RecibirEmails - Se lee email número 7
31/10/13 21:33 - Objeto: RecibirEmails - El email número 7 NO es válido
31/10/13 21:33 - Objeto: RecibirEmails - Se lee email número 8
31/10/13 21:33 - Objeto: RecibirEmails - El email número 8 NO es válido
31/10/13 21:33 - Objeto: RecibirEmails - Se lee email número 9
31/10/13 21:33 - Objeto: RecibirEmails - El email número 9 NO es válido
31/10/13 21:33 - Objeto: RecibirEmails - Se lee email número 10
31/10/13 21:33 - Objeto: RecibirEmails - El email número 10 NO es válido
31/10/13 21:33 - Objeto: RecibirEmails - Se lee email número 11
31/10/13 21:33 - Objeto: RecibirEmails - El email número 11 NO es válido
31/10/13 21:33 - Objeto: RecibirEmails - Se lee email número 12
31/10/13 21:33 - Objeto: RecibirEmails - El email número 12 NO es válido
31/10/13 21:33 - Objeto: RecibirEmails - Se lee email número 13
31/10/13 21:33 - Objeto: RecibirEmails - El email número 13 NO es válido
31/10/13 21:33 - Objeto: RecibirEmails - Se lee email número 14
31/10/13 21:33 - Objeto: RecibirEmails - El email número 14 NO es válido
31/10/13 21:33 - Objeto: RecibirEmails - Se lee email número 15
31/10/13 21:33 - Objeto: RecibirEmails - El email número 15 NO es válido
31/10/13 21:33 - Objeto: RecibirEmails - Se lee email número 16
31/10/13 21:33 - Objeto: RecibirEmails - El email número 16 NO es válido
31/10/13 21:33 - Objeto: RecibirEmails - Se lee email número 17
31/10/13 21:33 - Objeto: RecibirEmails - El email número 17 NO es válido
31/10/13 21:33 - Objeto: RecibirEmails - Se lee email número 18
31/10/13 21:33 - Objeto: RecibirEmails - El email número 18 NO es válido
31/10/13 21:33 - Objeto: RecibirEmails - Se lee email número 19
31/10/13 21:33 - Objeto: RecibirEmails - El email número 19 NO es válido
31/10/13 21:33 - Objeto: RecibirEmails - Se lee email número 20
31/10/13 21:33 - Objeto: RecibirEmails - El email número 20 NO es válido
31/10/13 21:33 - Objeto: RecibirEmails - Se lee email número 21
31/10/13 21:33 - Objeto: RecibirEmails - El email número 21 NO es válido
31/10/13 21:33 - Objeto: RecibirEmails - Se lee email número 22
31/10/13 21:33 - Objeto: RecibirEmails - El email número 22 es válido
31/10/13 21:33 - Objeto: RecibirEmails - El email número 22 NO tiene el formato correcto (<>)
31/10/13 21:33 - Objeto: RecibirEmails - Se lee email número 23
31/10/13 21:33 - Objeto: RecibirEmails - El email número 23 es válido
31/10/13 21:33 - Objeto: RecibirEmails - El email número 23 NO tiene el formato correcto (<>)
31/10/13 21:33 - Objeto: RecibirEmails - Se lee email número 24
31/10/13 21:33 - Objeto: RecibirEmails - El email número 24 es válido
31/10/13 21:33 - Objeto: RecibirEmails - El email número 24 NO tiene el formato correcto (<>)
31/10/13 21:33 - Objeto: RecibirEmails - Se lee email número 25
31/10/13 21:33 - Objeto: RecibirEmails - El email número 25 es válido
31/10/13 21:33 - Objeto: RecibirEmails - Se lee email número 26
31/10/13 21:33 - Objeto: RecibirEmails - El email número 26 es válido
31/10/13 21:33 - Objeto: RecibirEmails - Se lee email número 27
31/10/13 21:33 - Objeto: RecibirEmails - El email número 27 es válido
31/10/13 21:33 - Objeto: RecibirEmails - Se lee email número 28
31/10/13 21:33 - Objeto: RecibirEmails - El email número 28 es válido
31/10/13 21:33 - Objeto: RecibirEmails - Se recibieron 4 emails con formato correcto.
31/10/13 21:33 - Objeto: ATP3_MainProcedimiento - Finaliza proceso de recibir emails
----------------------------------------
----------------------------------------
31/10/13 21:36 - Objeto: ATP3_MainProcedimiento - Se inicia proceso
31/10/13 21:36 - Objeto: ATP3_MainProcedimiento - Inicio cálculo de mails válidos
31/10/13 21:36 - Objeto: ATP3_MainProcedimiento - Termino cálculo de mails válidos
31/10/13 21:36 - Objeto: ATP3_MainProcedimiento - Inicia proceso de recibir emails
31/10/13 21:36 - Objeto: RecibirEmails - Se han recibido 28.00 emails.
31/10/13 21:36 - Objeto: RecibirEmails - Se lee email número 1
31/10/13 21:36 - Objeto: RecibirEmails - El email número 1 NO es válido
31/10/13 21:36 - Objeto: RecibirEmails - Se lee email número 2
31/10/13 21:36 - Objeto: RecibirEmails - El email número 2 NO es válido
31/10/13 21:36 - Objeto: RecibirEmails - Se lee email número 3
31/10/13 21:36 - Objeto: RecibirEmails - El email número 3 NO es válido
31/10/13 21:36 - Objeto: RecibirEmails - Se lee email número 4
31/10/13 21:36 - Objeto: RecibirEmails - El email número 4 NO es válido
31/10/13 21:36 - Objeto: RecibirEmails - Se lee email número 5
31/10/13 21:36 - Objeto: RecibirEmails - El email número 5 NO es válido
31/10/13 21:36 - Objeto: RecibirEmails - Se lee email número 6
31/10/13 21:36 - Objeto: RecibirEmails - El email número 6 NO es válido
31/10/13 21:36 - Objeto: RecibirEmails - Se lee email número 7
31/10/13 21:36 - Objeto: RecibirEmails - El email número 7 NO es válido
31/10/13 21:36 - Objeto: RecibirEmails - Se lee email número 8
31/10/13 21:36 - Objeto: RecibirEmails - El email número 8 NO es válido
31/10/13 21:36 - Objeto: RecibirEmails - Se lee email número 9
31/10/13 21:36 - Objeto: RecibirEmails - El email número 9 NO es válido
31/10/13 21:36 - Objeto: RecibirEmails - Se lee email número 10
31/10/13 21:36 - Objeto: RecibirEmails - El email número 10 NO es válido
31/10/13 21:36 - Objeto: RecibirEmails - Se lee email número 11
31/10/13 21:36 - Objeto: RecibirEmails - El email número 11 NO es válido
31/10/13 21:36 - Objeto: RecibirEmails - Se lee email número 12
31/10/13 21:36 - Objeto: RecibirEmails - El email número 12 NO es válido
31/10/13 21:36 - Objeto: RecibirEmails - Se lee email número 13
31/10/13 21:36 - Objeto: RecibirEmails - El email número 13 NO es válido
31/10/13 21:36 - Objeto: RecibirEmails - Se lee email número 14
31/10/13 21:36 - Objeto: RecibirEmails - El email número 14 NO es válido
31/10/13 21:36 - Objeto: RecibirEmails - Se lee email número 15
31/10/13 21:36 - Objeto: RecibirEmails - El email número 15 NO es válido
31/10/13 21:36 - Objeto: RecibirEmails - Se lee email número 16
31/10/13 21:36 - Objeto: RecibirEmails - El email número 16 NO es válido
31/10/13 21:36 - Objeto: RecibirEmails - Se lee email número 17
31/10/13 21:36 - Objeto: RecibirEmails - El email número 17 NO es válido
31/10/13 21:36 - Objeto: RecibirEmails - Se lee email número 18
31/10/13 21:36 - Objeto: RecibirEmails - El email número 18 NO es válido
31/10/13 21:36 - Objeto: RecibirEmails - Se lee email número 19
31/10/13 21:36 - Objeto: RecibirEmails - El email número 19 NO es válido
31/10/13 21:36 - Objeto: RecibirEmails - Se lee email número 20
31/10/13 21:36 - Objeto: RecibirEmails - El email número 20 NO es válido
31/10/13 21:36 - Objeto: RecibirEmails - Se lee email número 21
31/10/13 21:36 - Objeto: RecibirEmails - El email número 21 NO es válido
31/10/13 21:36 - Objeto: RecibirEmails - Se lee email número 22
31/10/13 21:36 - Objeto: RecibirEmails - El email número 22 es válido
31/10/13 21:36 - Objeto: RecibirEmails - El email número 22 NO tiene el formato correcto (<>)
31/10/13 21:36 - Objeto: RecibirEmails - Se lee email número 23
31/10/13 21:36 - Objeto: RecibirEmails - El email número 23 es válido
31/10/13 21:36 - Objeto: RecibirEmails - El email número 23 NO tiene el formato correcto (<>)
31/10/13 21:36 - Objeto: RecibirEmails - Se lee email número 24
31/10/13 21:36 - Objeto: RecibirEmails - El email número 24 es válido
31/10/13 21:36 - Objeto: RecibirEmails - El email número 24 NO tiene el formato correcto (<>)
31/10/13 21:36 - Objeto: RecibirEmails - Se lee email número 25
31/10/13 21:36 - Objeto: RecibirEmails - El email número 25 es válido
31/10/13 21:36 - Objeto: RecibirEmails - Se lee email número 26
31/10/13 21:36 - Objeto: RecibirEmails - El email número 26 es válido
31/10/13 21:36 - Objeto: RecibirEmails - Se lee email número 27
31/10/13 21:36 - Objeto: RecibirEmails - El email número 27 es válido
31/10/13 21:36 - Objeto: RecibirEmails - Se lee email número 28
31/10/13 21:36 - Objeto: RecibirEmails - El email número 28 es válido
31/10/13 21:36 - Objeto: RecibirEmails - Se recibieron 4 emails con formato correcto.
31/10/13 21:36 - Objeto: ATP3_MainProcedimiento - Finaliza proceso de recibir emails
----------------------------------------
